DEBUG:root:FileName::InitRootInode
DEBUG:root:InodeNumber::InodeNumberToInode: 0
DEBUG:root:Get: 3
DEBUG:root:InodeNumber::InodeNumberToInode: inode_number 0 raw_block_number: 3 slice start: 0 end: 32
DEBUG:root:inode_slice: 0000001000020001000000080000000000000000000000000000000000000000
DEBUG:root:FileName::InitRootInode: calling AllocateDataBlock
DEBUG:root:FileName::AllocateDataBlock: 
DEBUG:root:Get: 2
DEBUG:root:Get: 2
DEBUG:root:Get: 2
DEBUG:root:Put: block number 2 len 256
00000000000000010101000000000000000000000000000000000000000000000000000000000000000000000000000000000000000000000000000000000000000000000000000000000000000000000000000000000000000000000000000000000000000000000000000000000000000000000000000000000000000000000000000000000000000000000000000000000000000000000000000000000000000000000000000000000000000000000000000000000000000000000000000000000000000000000000000000000000000000000000000000000000000000000000000000000000000000000000000000000000000000000000000000000000
DEBUG:root:Put: block number 2 len 256
00000000000000010101000000000000000000000000000000000000000000000000000000000000000000000000000000000000000000000000000000000000000000000000000000000000000000000000000000000000000000000000000000000000000000000000000000000000000000000000000000000000000000000000000000000000000000000000000000000000000000000000000000000000000000000000000000000000000000000000000000000000000000000000000000000000000000000000000000000000000000000000000000000000000000000000000000000000000000000000000000000000000000000000000000000000
DEBUG:root:FileName::AllocateDataBlock: allocated 9
DEBUG:root:FileName::InitRootInode: calling InsertFilenameInodeNumber
DEBUG:root:FileName::InsertFilenameInodeNumber: ., 0
DEBUG:root:Get: 9
DEBUG:root:FileName::InsertFilenameInodeNumber: block read 
00000000000000000000000000000000000000000000000000000000000000000000000000000000000000000000000000000000000000000000000000000000000000000000000000000000000000000000000000000000000000000000000000000000000000000000000000000000000000000000000000000000000000000000000000000000000000000000000000000000000000000000000000000000000000000000000000000000000000000000000000000000000000000000000000000000000000000000000000000000000000000000000000000000000000000000000000000000000000000000000000000000000000000000000000000000
DEBUG:root:FileName::InsertFilenameInodeNumber: string_start 0, string_end 12
DEBUG:root:FileName::InsertFilenameInodeNumber: inode_start 12, inode_end 16
DEBUG:root:Put: block number 9 len 256
2e000000000000000000000000000000000000000000000000000000000000000000000000000000000000000000000000000000000000000000000000000000000000000000000000000000000000000000000000000000000000000000000000000000000000000000000000000000000000000000000000000000000000000000000000000000000000000000000000000000000000000000000000000000000000000000000000000000000000000000000000000000000000000000000000000000000000000000000000000000000000000000000000000000000000000000000000000000000000000000000000000000000000000000000000000000
DEBUG:root:Put: block number 9 len 256
2e000000000000000000000000000000000000000000000000000000000000000000000000000000000000000000000000000000000000000000000000000000000000000000000000000000000000000000000000000000000000000000000000000000000000000000000000000000000000000000000000000000000000000000000000000000000000000000000000000000000000000000000000000000000000000000000000000000000000000000000000000000000000000000000000000000000000000000000000000000000000000000000000000000000000000000000000000000000000000000000000000000000000000000000000000000
DEBUG:root:FileName::InsertFilenameInodeNumber: insert_to.inode.size 0
DEBUG:root:InodeNumber::StoreInode: 0
DEBUG:root:InodeNumber::StoreInode: inode_table_raw_block_number 3
DEBUG:root:Get: 3
DEBUG:root:InodeNumber::StoreInode: inode_table_raw_block:
00000010000200010000000800000000000000000000000000000000000000000000000000000000000000000000000000000000000000000000000000000000000000000000000000000000000000000000000000000000000000000000000000000000000000000000000000000000000000000000000000000000000000000000000000000000000000000000000000000000000000000000000000000000000000000000000000000000000000000000000000000000000000000000000000000000000000000000000000000000000000000000000000000000000000000000000000000000000000000000000000000000000000000000000000000000
DEBUG:root:InodeNumber::StoreInode: start: 0, end: 32
DEBUG:root:InodeNumber::StoreInode: tempblock:
00000010000200010000000900000000000000000000000000000000000000000000000000000000000000000000000000000000000000000000000000000000000000000000000000000000000000000000000000000000000000000000000000000000000000000000000000000000000000000000000000000000000000000000000000000000000000000000000000000000000000000000000000000000000000000000000000000000000000000000000000000000000000000000000000000000000000000000000000000000000000000000000000000000000000000000000000000000000000000000000000000000000000000000000000000000
DEBUG:root:Put: block number 3 len 256
00000010000200010000000900000000000000000000000000000000000000000000000000000000000000000000000000000000000000000000000000000000000000000000000000000000000000000000000000000000000000000000000000000000000000000000000000000000000000000000000000000000000000000000000000000000000000000000000000000000000000000000000000000000000000000000000000000000000000000000000000000000000000000000000000000000000000000000000000000000000000000000000000000000000000000000000000000000000000000000000000000000000000000000000000000000
DEBUG:root:Put: block number 3 len 256
00000010000200010000000900000000000000000000000000000000000000000000000000000000000000000000000000000000000000000000000000000000000000000000000000000000000000000000000000000000000000000000000000000000000000000000000000000000000000000000000000000000000000000000000000000000000000000000000000000000000000000000000000000000000000000000000000000000000000000000000000000000000000000000000000000000000000000000000000000000000000000000000000000000000000000000000000000000000000000000000000000000000000000000000000000000
DEBUG:root:FileName::InitRootInode: calling StoreInode
DEBUG:root:InodeNumber::StoreInode: 0
DEBUG:root:InodeNumber::StoreInode: inode_table_raw_block_number 3
DEBUG:root:Get: 3
DEBUG:root:InodeNumber::StoreInode: inode_table_raw_block:
00000010000200010000000900000000000000000000000000000000000000000000000000000000000000000000000000000000000000000000000000000000000000000000000000000000000000000000000000000000000000000000000000000000000000000000000000000000000000000000000000000000000000000000000000000000000000000000000000000000000000000000000000000000000000000000000000000000000000000000000000000000000000000000000000000000000000000000000000000000000000000000000000000000000000000000000000000000000000000000000000000000000000000000000000000000
DEBUG:root:InodeNumber::StoreInode: start: 0, end: 32
DEBUG:root:InodeNumber::StoreInode: tempblock:
00000010000200010000000900000000000000000000000000000000000000000000000000000000000000000000000000000000000000000000000000000000000000000000000000000000000000000000000000000000000000000000000000000000000000000000000000000000000000000000000000000000000000000000000000000000000000000000000000000000000000000000000000000000000000000000000000000000000000000000000000000000000000000000000000000000000000000000000000000000000000000000000000000000000000000000000000000000000000000000000000000000000000000000000000000000
DEBUG:root:Put: block number 3 len 256
00000010000200010000000900000000000000000000000000000000000000000000000000000000000000000000000000000000000000000000000000000000000000000000000000000000000000000000000000000000000000000000000000000000000000000000000000000000000000000000000000000000000000000000000000000000000000000000000000000000000000000000000000000000000000000000000000000000000000000000000000000000000000000000000000000000000000000000000000000000000000000000000000000000000000000000000000000000000000000000000000000000000000000000000000000000
DEBUG:root:Put: block number 3 len 256
00000010000200010000000900000000000000000000000000000000000000000000000000000000000000000000000000000000000000000000000000000000000000000000000000000000000000000000000000000000000000000000000000000000000000000000000000000000000000000000000000000000000000000000000000000000000000000000000000000000000000000000000000000000000000000000000000000000000000000000000000000000000000000000000000000000000000000000000000000000000000000000000000000000000000000000000000000000000000000000000000000000000000000000000000000000
DEBUG:root:Acquire
DEBUG:root:RSM: 255
DEBUG:root:RSM_BLOCK Lock value: bytearray(b'\x00\x00\x00\x00\x00\x00\x00\x00\x00\x00\x00\x00\x00\x00\x00\x00\x00\x00\x00\x00\x00\x00\x00\x00\x00\x00\x00\x00\x00\x00\x00\x00\x00\x00\x00\x00\x00\x00\x00\x00\x00\x00\x00\x00\x00\x00\x00\x00\x00\x00\x00\x00\x00\x00\x00\x00\x00\x00\x00\x00\x00\x00\x00\x00\x00\x00\x00\x00\x00\x00\x00\x00\x00\x00\x00\x00\x00\x00\x00\x00\x00\x00\x00\x00\x00\x00\x00\x00\x00\x00\x00\x00\x00\x00\x00\x00\x00\x00\x00\x00\x00\x00\x00\x00\x00\x00\x00\x00\x00\x00\x00\x00\x00\x00\x00\x00\x00\x00\x00\x00\x00\x00\x00\x00\x00\x00\x00\x00\x00\x00\x00\x00\x00\x00\x00\x00\x00\x00\x00\x00\x00\x00\x00\x00\x00\x00\x00\x00\x00\x00\x00\x00\x00\x00\x00\x00\x00\x00\x00\x00\x00\x00\x00\x00\x00\x00\x00\x00\x00\x00\x00\x00\x00\x00\x00\x00\x00\x00\x00\x00\x00\x00\x00\x00\x00\x00\x00\x00\x00\x00\x00\x00\x00\x00\x00\x00\x00\x00\x00\x00\x00\x00\x00\x00\x00\x00\x00\x00\x00\x00\x00\x00\x00\x00\x00\x00\x00\x00\x00\x00\x00\x00\x00\x00\x00\x00\x00\x00\x00\x00\x00\x00\x00\x00\x00\x00\x00\x00\x00\x00\x00\x00\x00\x00\x00\x00\x00\x00\x00\x00\x00\x00\x00\x00\x00\x00')
DEBUG:root:Get: 254
DEBUG:root:InodeNumber::InodeNumberToInode: 0
DEBUG:root:Get: 3
DEBUG:root:InodeNumber::InodeNumberToInode: inode_number 0 raw_block_number: 3 slice start: 0 end: 32
DEBUG:root:inode_slice: 0000001000020001000000090000000000000000000000000000000000000000
DEBUG:root:Get: 9
DEBUG:root:InodeNumber::InodeNumberToInode: 0
DEBUG:root:Get: 3
DEBUG:root:InodeNumber::InodeNumberToInode: inode_number 0 raw_block_number: 3 slice start: 0 end: 32
DEBUG:root:inode_slice: 0000001000020001000000090000000000000000000000000000000000000000
DEBUG:root:Release
DEBUG:root:Put: block number 255 len 256
00000000000000000000000000000000000000000000000000000000000000000000000000000000000000000000000000000000000000000000000000000000000000000000000000000000000000000000000000000000000000000000000000000000000000000000000000000000000000000000000000000000000000000000000000000000000000000000000000000000000000000000000000000000000000000000000000000000000000000000000000000000000000000000000000000000000000000000000000000000000000000000000000000000000000000000000000000000000000000000000000000000000000000000000000000000
DEBUG:root:Put: block number 255 len 256
00000000000000000000000000000000000000000000000000000000000000000000000000000000000000000000000000000000000000000000000000000000000000000000000000000000000000000000000000000000000000000000000000000000000000000000000000000000000000000000000000000000000000000000000000000000000000000000000000000000000000000000000000000000000000000000000000000000000000000000000000000000000000000000000000000000000000000000000000000000000000000000000000000000000000000000000000000000000000000000000000000000000000000000000000000000
DEBUG:root:Acquire
DEBUG:root:RSM: 255
DEBUG:root:RSM_BLOCK Lock value: bytearray(b'\x00\x00\x00\x00\x00\x00\x00\x00\x00\x00\x00\x00\x00\x00\x00\x00\x00\x00\x00\x00\x00\x00\x00\x00\x00\x00\x00\x00\x00\x00\x00\x00\x00\x00\x00\x00\x00\x00\x00\x00\x00\x00\x00\x00\x00\x00\x00\x00\x00\x00\x00\x00\x00\x00\x00\x00\x00\x00\x00\x00\x00\x00\x00\x00\x00\x00\x00\x00\x00\x00\x00\x00\x00\x00\x00\x00\x00\x00\x00\x00\x00\x00\x00\x00\x00\x00\x00\x00\x00\x00\x00\x00\x00\x00\x00\x00\x00\x00\x00\x00\x00\x00\x00\x00\x00\x00\x00\x00\x00\x00\x00\x00\x00\x00\x00\x00\x00\x00\x00\x00\x00\x00\x00\x00\x00\x00\x00\x00\x00\x00\x00\x00\x00\x00\x00\x00\x00\x00\x00\x00\x00\x00\x00\x00\x00\x00\x00\x00\x00\x00\x00\x00\x00\x00\x00\x00\x00\x00\x00\x00\x00\x00\x00\x00\x00\x00\x00\x00\x00\x00\x00\x00\x00\x00\x00\x00\x00\x00\x00\x00\x00\x00\x00\x00\x00\x00\x00\x00\x00\x00\x00\x00\x00\x00\x00\x00\x00\x00\x00\x00\x00\x00\x00\x00\x00\x00\x00\x00\x00\x00\x00\x00\x00\x00\x00\x00\x00\x00\x00\x00\x00\x00\x00\x00\x00\x00\x00\x00\x00\x00\x00\x00\x00\x00\x00\x00\x00\x00\x00\x00\x00\x00\x00\x00\x00\x00\x00\x00\x00\x00\x00\x00\x00\x00\x00\x00')
DEBUG:root:Get: 254
DEBUG:root:FileOperations::Create: dir: 0, name: f3, type: 1
DEBUG:root:FileName::FindAvailableInode: 
DEBUG:root:InodeNumber::InodeNumberToInode: 0
DEBUG:root:Get: 3
DEBUG:root:InodeNumber::InodeNumberToInode: inode_number 0 raw_block_number: 3 slice start: 0 end: 32
DEBUG:root:inode_slice: 0000001000020001000000090000000000000000000000000000000000000000
DEBUG:root:InodeNumber::InodeNumberToInode: 1
DEBUG:root:Get: 3
DEBUG:root:InodeNumber::InodeNumberToInode: inode_number 1 raw_block_number: 3 slice start: 32 end: 64
DEBUG:root:inode_slice: 0000000000000000000000000000000000000000000000000000000000000000
DEBUG:root:FileName::FindAvailableInode: 1
DEBUG:root:InodeNumber::InodeNumberToInode: 0
DEBUG:root:Get: 3
DEBUG:root:InodeNumber::InodeNumberToInode: inode_number 0 raw_block_number: 3 slice start: 0 end: 32
DEBUG:root:inode_slice: 0000001000020001000000090000000000000000000000000000000000000000
DEBUG:root:FileName::FindAvailableFileEntry: dir: 0
DEBUG:root:InodeNumber::InodeNumberToInode: 0
DEBUG:root:Get: 3
DEBUG:root:InodeNumber::InodeNumberToInode: inode_number 0 raw_block_number: 3 slice start: 0 end: 32
DEBUG:root:inode_slice: 0000001000020001000000090000000000000000000000000000000000000000
DEBUG:root:FileName::FindAvailableFileEntry: 16
DEBUG:root:FileName::Lookup: f3, 0
DEBUG:root:InodeNumber::InodeNumberToInode: 0
DEBUG:root:Get: 3
DEBUG:root:InodeNumber::InodeNumberToInode: inode_number 0 raw_block_number: 3 slice start: 0 end: 32
DEBUG:root:inode_slice: 0000001000020001000000090000000000000000000000000000000000000000
DEBUG:root:InodeNumber::InodeNumberToBlock: 0
DEBUG:root:InodeNumber::InodeNumberToInode: 0
DEBUG:root:Get: 3
DEBUG:root:InodeNumber::InodeNumberToInode: inode_number 0 raw_block_number: 3 slice start: 0 end: 32
DEBUG:root:inode_slice: 0000001000020001000000090000000000000000000000000000000000000000
DEBUG:root:Get: 9
DEBUG:root:FileName::HelperGetFilenameString: 2e000000000000000000000000000000000000000000000000000000000000000000000000000000000000000000000000000000000000000000000000000000000000000000000000000000000000000000000000000000000000000000000000000000000000000000000000000000000000000000000000000000000000000000000000000000000000000000000000000000000000000000000000000000000000000000000000000000000000000000000000000000000000000000000000000000000000000000000000000000000000000000000000000000000000000000000000000000000000000000000000000000000000000000000000000000, 0
DEBUG:root:FileName::Lookup for f3 in 0: searching string bytearray(b'.\x00\x00\x00\x00\x00\x00\x00\x00\x00\x00\x00')
DEBUG:root:FileName::Lookup: file not found: f3 in 0
DEBUG:root:FileOperations::Create: inode_position: 1, fileentry_position: 16
DEBUG:root:InodeNumber::InodeNumberToInode: 1
DEBUG:root:Get: 3
DEBUG:root:InodeNumber::InodeNumberToInode: inode_number 1 raw_block_number: 3 slice start: 32 end: 64
DEBUG:root:inode_slice: 0000000000000000000000000000000000000000000000000000000000000000
DEBUG:root:InodeNumber::StoreInode: 1
DEBUG:root:InodeNumber::StoreInode: inode_table_raw_block_number 3
DEBUG:root:Get: 3
DEBUG:root:InodeNumber::StoreInode: inode_table_raw_block:
00000010000200010000000900000000000000000000000000000000000000000000000000000000000000000000000000000000000000000000000000000000000000000000000000000000000000000000000000000000000000000000000000000000000000000000000000000000000000000000000000000000000000000000000000000000000000000000000000000000000000000000000000000000000000000000000000000000000000000000000000000000000000000000000000000000000000000000000000000000000000000000000000000000000000000000000000000000000000000000000000000000000000000000000000000000
DEBUG:root:InodeNumber::StoreInode: start: 32, end: 64
DEBUG:root:InodeNumber::StoreInode: tempblock:
00000010000200010000000900000000000000000000000000000000000000000000000000010001000000000000000000000000000000000000000000000000000000000000000000000000000000000000000000000000000000000000000000000000000000000000000000000000000000000000000000000000000000000000000000000000000000000000000000000000000000000000000000000000000000000000000000000000000000000000000000000000000000000000000000000000000000000000000000000000000000000000000000000000000000000000000000000000000000000000000000000000000000000000000000000000
DEBUG:root:Put: block number 3 len 256
00000010000200010000000900000000000000000000000000000000000000000000000000010001000000000000000000000000000000000000000000000000000000000000000000000000000000000000000000000000000000000000000000000000000000000000000000000000000000000000000000000000000000000000000000000000000000000000000000000000000000000000000000000000000000000000000000000000000000000000000000000000000000000000000000000000000000000000000000000000000000000000000000000000000000000000000000000000000000000000000000000000000000000000000000000000
DEBUG:root:Put: block number 3 len 256
00000010000200010000000900000000000000000000000000000000000000000000000000010001000000000000000000000000000000000000000000000000000000000000000000000000000000000000000000000000000000000000000000000000000000000000000000000000000000000000000000000000000000000000000000000000000000000000000000000000000000000000000000000000000000000000000000000000000000000000000000000000000000000000000000000000000000000000000000000000000000000000000000000000000000000000000000000000000000000000000000000000000000000000000000000000
DEBUG:root:FileName::InsertFilenameInodeNumber: f3, 1
DEBUG:root:Get: 9
DEBUG:root:FileName::InsertFilenameInodeNumber: block read 
2e000000000000000000000000000000000000000000000000000000000000000000000000000000000000000000000000000000000000000000000000000000000000000000000000000000000000000000000000000000000000000000000000000000000000000000000000000000000000000000000000000000000000000000000000000000000000000000000000000000000000000000000000000000000000000000000000000000000000000000000000000000000000000000000000000000000000000000000000000000000000000000000000000000000000000000000000000000000000000000000000000000000000000000000000000000
DEBUG:root:FileName::InsertFilenameInodeNumber: string_start 16, string_end 28
DEBUG:root:FileName::InsertFilenameInodeNumber: inode_start 28, inode_end 32
DEBUG:root:Put: block number 9 len 256
2e000000000000000000000000000000663300000000000000000000000000010000000000000000000000000000000000000000000000000000000000000000000000000000000000000000000000000000000000000000000000000000000000000000000000000000000000000000000000000000000000000000000000000000000000000000000000000000000000000000000000000000000000000000000000000000000000000000000000000000000000000000000000000000000000000000000000000000000000000000000000000000000000000000000000000000000000000000000000000000000000000000000000000000000000000000
DEBUG:root:Put: block number 9 len 256
2e000000000000000000000000000000663300000000000000000000000000010000000000000000000000000000000000000000000000000000000000000000000000000000000000000000000000000000000000000000000000000000000000000000000000000000000000000000000000000000000000000000000000000000000000000000000000000000000000000000000000000000000000000000000000000000000000000000000000000000000000000000000000000000000000000000000000000000000000000000000000000000000000000000000000000000000000000000000000000000000000000000000000000000000000000000
DEBUG:root:FileName::InsertFilenameInodeNumber: insert_to.inode.size 16
DEBUG:root:InodeNumber::StoreInode: 0
DEBUG:root:InodeNumber::StoreInode: inode_table_raw_block_number 3
DEBUG:root:Get: 3
DEBUG:root:InodeNumber::StoreInode: inode_table_raw_block:
00000010000200010000000900000000000000000000000000000000000000000000000000010001000000000000000000000000000000000000000000000000000000000000000000000000000000000000000000000000000000000000000000000000000000000000000000000000000000000000000000000000000000000000000000000000000000000000000000000000000000000000000000000000000000000000000000000000000000000000000000000000000000000000000000000000000000000000000000000000000000000000000000000000000000000000000000000000000000000000000000000000000000000000000000000000
DEBUG:root:InodeNumber::StoreInode: start: 0, end: 32
DEBUG:root:InodeNumber::StoreInode: tempblock:
00000020000200010000000900000000000000000000000000000000000000000000000000010001000000000000000000000000000000000000000000000000000000000000000000000000000000000000000000000000000000000000000000000000000000000000000000000000000000000000000000000000000000000000000000000000000000000000000000000000000000000000000000000000000000000000000000000000000000000000000000000000000000000000000000000000000000000000000000000000000000000000000000000000000000000000000000000000000000000000000000000000000000000000000000000000
DEBUG:root:Put: block number 3 len 256
00000020000200010000000900000000000000000000000000000000000000000000000000010001000000000000000000000000000000000000000000000000000000000000000000000000000000000000000000000000000000000000000000000000000000000000000000000000000000000000000000000000000000000000000000000000000000000000000000000000000000000000000000000000000000000000000000000000000000000000000000000000000000000000000000000000000000000000000000000000000000000000000000000000000000000000000000000000000000000000000000000000000000000000000000000000
DEBUG:root:Put: block number 3 len 256
00000020000200010000000900000000000000000000000000000000000000000000000000010001000000000000000000000000000000000000000000000000000000000000000000000000000000000000000000000000000000000000000000000000000000000000000000000000000000000000000000000000000000000000000000000000000000000000000000000000000000000000000000000000000000000000000000000000000000000000000000000000000000000000000000000000000000000000000000000000000000000000000000000000000000000000000000000000000000000000000000000000000000000000000000000000
DEBUG:root:InodeNumber::StoreInode: 0
DEBUG:root:InodeNumber::StoreInode: inode_table_raw_block_number 3
DEBUG:root:Get: 3
DEBUG:root:InodeNumber::StoreInode: inode_table_raw_block:
00000020000200010000000900000000000000000000000000000000000000000000000000010001000000000000000000000000000000000000000000000000000000000000000000000000000000000000000000000000000000000000000000000000000000000000000000000000000000000000000000000000000000000000000000000000000000000000000000000000000000000000000000000000000000000000000000000000000000000000000000000000000000000000000000000000000000000000000000000000000000000000000000000000000000000000000000000000000000000000000000000000000000000000000000000000
DEBUG:root:InodeNumber::StoreInode: start: 0, end: 32
DEBUG:root:InodeNumber::StoreInode: tempblock:
00000020000200020000000900000000000000000000000000000000000000000000000000010001000000000000000000000000000000000000000000000000000000000000000000000000000000000000000000000000000000000000000000000000000000000000000000000000000000000000000000000000000000000000000000000000000000000000000000000000000000000000000000000000000000000000000000000000000000000000000000000000000000000000000000000000000000000000000000000000000000000000000000000000000000000000000000000000000000000000000000000000000000000000000000000000
DEBUG:root:Put: block number 3 len 256
00000020000200020000000900000000000000000000000000000000000000000000000000010001000000000000000000000000000000000000000000000000000000000000000000000000000000000000000000000000000000000000000000000000000000000000000000000000000000000000000000000000000000000000000000000000000000000000000000000000000000000000000000000000000000000000000000000000000000000000000000000000000000000000000000000000000000000000000000000000000000000000000000000000000000000000000000000000000000000000000000000000000000000000000000000000
DEBUG:root:Put: block number 3 len 256
00000020000200020000000900000000000000000000000000000000000000000000000000010001000000000000000000000000000000000000000000000000000000000000000000000000000000000000000000000000000000000000000000000000000000000000000000000000000000000000000000000000000000000000000000000000000000000000000000000000000000000000000000000000000000000000000000000000000000000000000000000000000000000000000000000000000000000000000000000000000000000000000000000000000000000000000000000000000000000000000000000000000000000000000000000000
DEBUG:root:Release
DEBUG:root:Put: block number 255 len 256
00000000000000000000000000000000000000000000000000000000000000000000000000000000000000000000000000000000000000000000000000000000000000000000000000000000000000000000000000000000000000000000000000000000000000000000000000000000000000000000000000000000000000000000000000000000000000000000000000000000000000000000000000000000000000000000000000000000000000000000000000000000000000000000000000000000000000000000000000000000000000000000000000000000000000000000000000000000000000000000000000000000000000000000000000000000
DEBUG:root:Put: block number 255 len 256
00000000000000000000000000000000000000000000000000000000000000000000000000000000000000000000000000000000000000000000000000000000000000000000000000000000000000000000000000000000000000000000000000000000000000000000000000000000000000000000000000000000000000000000000000000000000000000000000000000000000000000000000000000000000000000000000000000000000000000000000000000000000000000000000000000000000000000000000000000000000000000000000000000000000000000000000000000000000000000000000000000000000000000000000000000000
DEBUG:root:Acquire
DEBUG:root:RSM: 255
DEBUG:root:RSM_BLOCK Lock value: bytearray(b'\x00\x00\x00\x00\x00\x00\x00\x00\x00\x00\x00\x00\x00\x00\x00\x00\x00\x00\x00\x00\x00\x00\x00\x00\x00\x00\x00\x00\x00\x00\x00\x00\x00\x00\x00\x00\x00\x00\x00\x00\x00\x00\x00\x00\x00\x00\x00\x00\x00\x00\x00\x00\x00\x00\x00\x00\x00\x00\x00\x00\x00\x00\x00\x00\x00\x00\x00\x00\x00\x00\x00\x00\x00\x00\x00\x00\x00\x00\x00\x00\x00\x00\x00\x00\x00\x00\x00\x00\x00\x00\x00\x00\x00\x00\x00\x00\x00\x00\x00\x00\x00\x00\x00\x00\x00\x00\x00\x00\x00\x00\x00\x00\x00\x00\x00\x00\x00\x00\x00\x00\x00\x00\x00\x00\x00\x00\x00\x00\x00\x00\x00\x00\x00\x00\x00\x00\x00\x00\x00\x00\x00\x00\x00\x00\x00\x00\x00\x00\x00\x00\x00\x00\x00\x00\x00\x00\x00\x00\x00\x00\x00\x00\x00\x00\x00\x00\x00\x00\x00\x00\x00\x00\x00\x00\x00\x00\x00\x00\x00\x00\x00\x00\x00\x00\x00\x00\x00\x00\x00\x00\x00\x00\x00\x00\x00\x00\x00\x00\x00\x00\x00\x00\x00\x00\x00\x00\x00\x00\x00\x00\x00\x00\x00\x00\x00\x00\x00\x00\x00\x00\x00\x00\x00\x00\x00\x00\x00\x00\x00\x00\x00\x00\x00\x00\x00\x00\x00\x00\x00\x00\x00\x00\x00\x00\x00\x00\x00\x00\x00\x00\x00\x00\x00\x00\x00\x00')
DEBUG:root:Get: 254
DEBUG:root:AbsolutePathName::GeneralPathToInodeNumber: path: f3, cwd: 0
DEBUG:root:AbsolutePathName::PathToInodeNumber: path: f3, dir: 0
DEBUG:root:FileName::Lookup: f3, 0
DEBUG:root:InodeNumber::InodeNumberToInode: 0
DEBUG:root:Get: 3
DEBUG:root:InodeNumber::InodeNumberToInode: inode_number 0 raw_block_number: 3 slice start: 0 end: 32
DEBUG:root:inode_slice: 0000002000020002000000090000000000000000000000000000000000000000
DEBUG:root:InodeNumber::InodeNumberToBlock: 0
DEBUG:root:InodeNumber::InodeNumberToInode: 0
DEBUG:root:Get: 3
DEBUG:root:InodeNumber::InodeNumberToInode: inode_number 0 raw_block_number: 3 slice start: 0 end: 32
DEBUG:root:inode_slice: 0000002000020002000000090000000000000000000000000000000000000000
DEBUG:root:Get: 9
DEBUG:root:FileName::HelperGetFilenameString: 2e000000000000000000000000000000663300000000000000000000000000010000000000000000000000000000000000000000000000000000000000000000000000000000000000000000000000000000000000000000000000000000000000000000000000000000000000000000000000000000000000000000000000000000000000000000000000000000000000000000000000000000000000000000000000000000000000000000000000000000000000000000000000000000000000000000000000000000000000000000000000000000000000000000000000000000000000000000000000000000000000000000000000000000000000000000, 0
DEBUG:root:FileName::Lookup for f3 in 0: searching string bytearray(b'.\x00\x00\x00\x00\x00\x00\x00\x00\x00\x00\x00')
DEBUG:root:FileName::HelperGetFilenameString: 2e000000000000000000000000000000663300000000000000000000000000010000000000000000000000000000000000000000000000000000000000000000000000000000000000000000000000000000000000000000000000000000000000000000000000000000000000000000000000000000000000000000000000000000000000000000000000000000000000000000000000000000000000000000000000000000000000000000000000000000000000000000000000000000000000000000000000000000000000000000000000000000000000000000000000000000000000000000000000000000000000000000000000000000000000000000, 1
DEBUG:root:FileName::Lookup for f3 in 0: searching string bytearray(b'f3\x00\x00\x00\x00\x00\x00\x00\x00\x00\x00')
DEBUG:root:FileName::HelperGetFilenameInodeNumber: 2e000000000000000000000000000000663300000000000000000000000000010000000000000000000000000000000000000000000000000000000000000000000000000000000000000000000000000000000000000000000000000000000000000000000000000000000000000000000000000000000000000000000000000000000000000000000000000000000000000000000000000000000000000000000000000000000000000000000000000000000000000000000000000000000000000000000000000000000000000000000000000000000000000000000000000000000000000000000000000000000000000000000000000000000000000000, 1
DEBUG:root:FileName::Lookup successful: 1
DEBUG:root:InodeNumber::InodeNumberToInode: 1
DEBUG:root:Get: 3
DEBUG:root:InodeNumber::InodeNumberToInode: inode_number 1 raw_block_number: 3 slice start: 32 end: 64
DEBUG:root:inode_slice: 0000000000010001000000000000000000000000000000000000000000000000
DEBUG:root:InodeNumber::InodeNumberToInode: 1
DEBUG:root:Get: 3
DEBUG:root:InodeNumber::InodeNumberToInode: inode_number 1 raw_block_number: 3 slice start: 32 end: 64
DEBUG:root:inode_slice: 0000000000010001000000000000000000000000000000000000000000000000
DEBUG:root:FileOperations::Read: file_inode_number: 1, offset: 0, count: 1536
DEBUG:root:InodeNumber::InodeNumberToInode: 1
DEBUG:root:Get: 3
DEBUG:root:InodeNumber::InodeNumberToInode: inode_number 1 raw_block_number: 3 slice start: 32 end: 64
DEBUG:root:inode_slice: 0000000000010001000000000000000000000000000000000000000000000000
DEBUG:root:Release
DEBUG:root:Put: block number 255 len 256
00000000000000000000000000000000000000000000000000000000000000000000000000000000000000000000000000000000000000000000000000000000000000000000000000000000000000000000000000000000000000000000000000000000000000000000000000000000000000000000000000000000000000000000000000000000000000000000000000000000000000000000000000000000000000000000000000000000000000000000000000000000000000000000000000000000000000000000000000000000000000000000000000000000000000000000000000000000000000000000000000000000000000000000000000000000
DEBUG:root:Put: block number 255 len 256
00000000000000000000000000000000000000000000000000000000000000000000000000000000000000000000000000000000000000000000000000000000000000000000000000000000000000000000000000000000000000000000000000000000000000000000000000000000000000000000000000000000000000000000000000000000000000000000000000000000000000000000000000000000000000000000000000000000000000000000000000000000000000000000000000000000000000000000000000000000000000000000000000000000000000000000000000000000000000000000000000000000000000000000000000000000
DEBUG:root:Acquire
DEBUG:root:RSM: 255
DEBUG:root:RSM_BLOCK Lock value: bytearray(b'\x00\x00\x00\x00\x00\x00\x00\x00\x00\x00\x00\x00\x00\x00\x00\x00\x00\x00\x00\x00\x00\x00\x00\x00\x00\x00\x00\x00\x00\x00\x00\x00\x00\x00\x00\x00\x00\x00\x00\x00\x00\x00\x00\x00\x00\x00\x00\x00\x00\x00\x00\x00\x00\x00\x00\x00\x00\x00\x00\x00\x00\x00\x00\x00\x00\x00\x00\x00\x00\x00\x00\x00\x00\x00\x00\x00\x00\x00\x00\x00\x00\x00\x00\x00\x00\x00\x00\x00\x00\x00\x00\x00\x00\x00\x00\x00\x00\x00\x00\x00\x00\x00\x00\x00\x00\x00\x00\x00\x00\x00\x00\x00\x00\x00\x00\x00\x00\x00\x00\x00\x00\x00\x00\x00\x00\x00\x00\x00\x00\x00\x00\x00\x00\x00\x00\x00\x00\x00\x00\x00\x00\x00\x00\x00\x00\x00\x00\x00\x00\x00\x00\x00\x00\x00\x00\x00\x00\x00\x00\x00\x00\x00\x00\x00\x00\x00\x00\x00\x00\x00\x00\x00\x00\x00\x00\x00\x00\x00\x00\x00\x00\x00\x00\x00\x00\x00\x00\x00\x00\x00\x00\x00\x00\x00\x00\x00\x00\x00\x00\x00\x00\x00\x00\x00\x00\x00\x00\x00\x00\x00\x00\x00\x00\x00\x00\x00\x00\x00\x00\x00\x00\x00\x00\x00\x00\x00\x00\x00\x00\x00\x00\x00\x00\x00\x00\x00\x00\x00\x00\x00\x00\x00\x00\x00\x00\x00\x00\x00\x00\x00\x00\x00\x00\x00\x00\x00')
DEBUG:root:Get: 254
DEBUG:root:AbsolutePathName::GeneralPathToInodeNumber: path: f3, cwd: 0
DEBUG:root:AbsolutePathName::PathToInodeNumber: path: f3, dir: 0
DEBUG:root:FileName::Lookup: f3, 0
DEBUG:root:InodeNumber::InodeNumberToInode: 0
DEBUG:root:Get: 3
DEBUG:root:InodeNumber::InodeNumberToInode: inode_number 0 raw_block_number: 3 slice start: 0 end: 32
DEBUG:root:inode_slice: 0000002000020002000000090000000000000000000000000000000000000000
DEBUG:root:InodeNumber::InodeNumberToBlock: 0
DEBUG:root:InodeNumber::InodeNumberToInode: 0
DEBUG:root:Get: 3
DEBUG:root:InodeNumber::InodeNumberToInode: inode_number 0 raw_block_number: 3 slice start: 0 end: 32
DEBUG:root:inode_slice: 0000002000020002000000090000000000000000000000000000000000000000
DEBUG:root:Get: 9
DEBUG:root:FileName::HelperGetFilenameString: 2e000000000000000000000000000000663300000000000000000000000000010000000000000000000000000000000000000000000000000000000000000000000000000000000000000000000000000000000000000000000000000000000000000000000000000000000000000000000000000000000000000000000000000000000000000000000000000000000000000000000000000000000000000000000000000000000000000000000000000000000000000000000000000000000000000000000000000000000000000000000000000000000000000000000000000000000000000000000000000000000000000000000000000000000000000000, 0
DEBUG:root:FileName::Lookup for f3 in 0: searching string bytearray(b'.\x00\x00\x00\x00\x00\x00\x00\x00\x00\x00\x00')
DEBUG:root:FileName::HelperGetFilenameString: 2e000000000000000000000000000000663300000000000000000000000000010000000000000000000000000000000000000000000000000000000000000000000000000000000000000000000000000000000000000000000000000000000000000000000000000000000000000000000000000000000000000000000000000000000000000000000000000000000000000000000000000000000000000000000000000000000000000000000000000000000000000000000000000000000000000000000000000000000000000000000000000000000000000000000000000000000000000000000000000000000000000000000000000000000000000000, 1
DEBUG:root:FileName::Lookup for f3 in 0: searching string bytearray(b'f3\x00\x00\x00\x00\x00\x00\x00\x00\x00\x00')
DEBUG:root:FileName::HelperGetFilenameInodeNumber: 2e000000000000000000000000000000663300000000000000000000000000010000000000000000000000000000000000000000000000000000000000000000000000000000000000000000000000000000000000000000000000000000000000000000000000000000000000000000000000000000000000000000000000000000000000000000000000000000000000000000000000000000000000000000000000000000000000000000000000000000000000000000000000000000000000000000000000000000000000000000000000000000000000000000000000000000000000000000000000000000000000000000000000000000000000000000, 1
DEBUG:root:FileName::Lookup successful: 1
DEBUG:root:InodeNumber::InodeNumberToInode: 1
DEBUG:root:Get: 3
DEBUG:root:InodeNumber::InodeNumberToInode: inode_number 1 raw_block_number: 3 slice start: 32 end: 64
DEBUG:root:inode_slice: 0000000000010001000000000000000000000000000000000000000000000000
DEBUG:root:InodeNumber::InodeNumberToInode: 1
DEBUG:root:Get: 3
DEBUG:root:InodeNumber::InodeNumberToInode: inode_number 1 raw_block_number: 3 slice start: 32 end: 64
DEBUG:root:inode_slice: 0000000000010001000000000000000000000000000000000000000000000000
DEBUG:root:FileOperations::Write: file_inode_number: 1, offset: 0, len(data): 32
DEBUG:root:InodeNumber::InodeNumberToInode: 1
DEBUG:root:Get: 3
DEBUG:root:InodeNumber::InodeNumberToInode: inode_number 1 raw_block_number: 3 slice start: 32 end: 64
DEBUG:root:inode_slice: 0000000000010001000000000000000000000000000000000000000000000000
DEBUG:root:FileOperations::Write: current_block_index: 0 , next_block_boundary: 256
DEBUG:root:FileOperations::Write: write_start: 0 , write_end: 32
DEBUG:root:FileName::AllocateDataBlock: 
DEBUG:root:Get: 2
DEBUG:root:Get: 2
DEBUG:root:Get: 2
DEBUG:root:Get: 2
DEBUG:root:Put: block number 2 len 256
00000000000000010101010000000000000000000000000000000000000000000000000000000000000000000000000000000000000000000000000000000000000000000000000000000000000000000000000000000000000000000000000000000000000000000000000000000000000000000000000000000000000000000000000000000000000000000000000000000000000000000000000000000000000000000000000000000000000000000000000000000000000000000000000000000000000000000000000000000000000000000000000000000000000000000000000000000000000000000000000000000000000000000000000000000000
DEBUG:root:Put: block number 2 len 256
00000000000000010101010000000000000000000000000000000000000000000000000000000000000000000000000000000000000000000000000000000000000000000000000000000000000000000000000000000000000000000000000000000000000000000000000000000000000000000000000000000000000000000000000000000000000000000000000000000000000000000000000000000000000000000000000000000000000000000000000000000000000000000000000000000000000000000000000000000000000000000000000000000000000000000000000000000000000000000000000000000000000000000000000000000000
DEBUG:root:FileName::AllocateDataBlock: allocated 10
DEBUG:root:Get: 10
DEBUG:root:Put: block number 10 len 256
6a6169726f67617263696761626c6168626c6168626c6168626c6168626c61680000000000000000000000000000000000000000000000000000000000000000000000000000000000000000000000000000000000000000000000000000000000000000000000000000000000000000000000000000000000000000000000000000000000000000000000000000000000000000000000000000000000000000000000000000000000000000000000000000000000000000000000000000000000000000000000000000000000000000000000000000000000000000000000000000000000000000000000000000000000000000000000000000000000000000
DEBUG:root:Put: block number 10 len 256
6a6169726f67617263696761626c6168626c6168626c6168626c6168626c61680000000000000000000000000000000000000000000000000000000000000000000000000000000000000000000000000000000000000000000000000000000000000000000000000000000000000000000000000000000000000000000000000000000000000000000000000000000000000000000000000000000000000000000000000000000000000000000000000000000000000000000000000000000000000000000000000000000000000000000000000000000000000000000000000000000000000000000000000000000000000000000000000000000000000000
DEBUG:root:FileOperations::Write: current_offset: 32 , bytes_written: 32 , len(data): 32
DEBUG:root:InodeNumber::StoreInode: 1
DEBUG:root:InodeNumber::StoreInode: inode_table_raw_block_number 3
DEBUG:root:Get: 3
DEBUG:root:InodeNumber::StoreInode: inode_table_raw_block:
00000020000200020000000900000000000000000000000000000000000000000000000000010001000000000000000000000000000000000000000000000000000000000000000000000000000000000000000000000000000000000000000000000000000000000000000000000000000000000000000000000000000000000000000000000000000000000000000000000000000000000000000000000000000000000000000000000000000000000000000000000000000000000000000000000000000000000000000000000000000000000000000000000000000000000000000000000000000000000000000000000000000000000000000000000000
DEBUG:root:InodeNumber::StoreInode: start: 32, end: 64
DEBUG:root:InodeNumber::StoreInode: tempblock:
000000200002000200000009000000000000000000000000000000000000000000000020000100010000000a0000000000000000000000000000000000000000000000000000000000000000000000000000000000000000000000000000000000000000000000000000000000000000000000000000000000000000000000000000000000000000000000000000000000000000000000000000000000000000000000000000000000000000000000000000000000000000000000000000000000000000000000000000000000000000000000000000000000000000000000000000000000000000000000000000000000000000000000000000000000000000
DEBUG:root:Put: block number 3 len 256
000000200002000200000009000000000000000000000000000000000000000000000020000100010000000a0000000000000000000000000000000000000000000000000000000000000000000000000000000000000000000000000000000000000000000000000000000000000000000000000000000000000000000000000000000000000000000000000000000000000000000000000000000000000000000000000000000000000000000000000000000000000000000000000000000000000000000000000000000000000000000000000000000000000000000000000000000000000000000000000000000000000000000000000000000000000000
DEBUG:root:Put: block number 3 len 256
000000200002000200000009000000000000000000000000000000000000000000000020000100010000000a0000000000000000000000000000000000000000000000000000000000000000000000000000000000000000000000000000000000000000000000000000000000000000000000000000000000000000000000000000000000000000000000000000000000000000000000000000000000000000000000000000000000000000000000000000000000000000000000000000000000000000000000000000000000000000000000000000000000000000000000000000000000000000000000000000000000000000000000000000000000000000
DEBUG:root:Release
DEBUG:root:Put: block number 255 len 256
00000000000000000000000000000000000000000000000000000000000000000000000000000000000000000000000000000000000000000000000000000000000000000000000000000000000000000000000000000000000000000000000000000000000000000000000000000000000000000000000000000000000000000000000000000000000000000000000000000000000000000000000000000000000000000000000000000000000000000000000000000000000000000000000000000000000000000000000000000000000000000000000000000000000000000000000000000000000000000000000000000000000000000000000000000000
DEBUG:root:Put: block number 255 len 256
00000000000000000000000000000000000000000000000000000000000000000000000000000000000000000000000000000000000000000000000000000000000000000000000000000000000000000000000000000000000000000000000000000000000000000000000000000000000000000000000000000000000000000000000000000000000000000000000000000000000000000000000000000000000000000000000000000000000000000000000000000000000000000000000000000000000000000000000000000000000000000000000000000000000000000000000000000000000000000000000000000000000000000000000000000000
DEBUG:root:Acquire
DEBUG:root:RSM: 255
DEBUG:root:RSM_BLOCK Lock value: bytearray(b'\x00\x00\x00\x00\x00\x00\x00\x00\x00\x00\x00\x00\x00\x00\x00\x00\x00\x00\x00\x00\x00\x00\x00\x00\x00\x00\x00\x00\x00\x00\x00\x00\x00\x00\x00\x00\x00\x00\x00\x00\x00\x00\x00\x00\x00\x00\x00\x00\x00\x00\x00\x00\x00\x00\x00\x00\x00\x00\x00\x00\x00\x00\x00\x00\x00\x00\x00\x00\x00\x00\x00\x00\x00\x00\x00\x00\x00\x00\x00\x00\x00\x00\x00\x00\x00\x00\x00\x00\x00\x00\x00\x00\x00\x00\x00\x00\x00\x00\x00\x00\x00\x00\x00\x00\x00\x00\x00\x00\x00\x00\x00\x00\x00\x00\x00\x00\x00\x00\x00\x00\x00\x00\x00\x00\x00\x00\x00\x00\x00\x00\x00\x00\x00\x00\x00\x00\x00\x00\x00\x00\x00\x00\x00\x00\x00\x00\x00\x00\x00\x00\x00\x00\x00\x00\x00\x00\x00\x00\x00\x00\x00\x00\x00\x00\x00\x00\x00\x00\x00\x00\x00\x00\x00\x00\x00\x00\x00\x00\x00\x00\x00\x00\x00\x00\x00\x00\x00\x00\x00\x00\x00\x00\x00\x00\x00\x00\x00\x00\x00\x00\x00\x00\x00\x00\x00\x00\x00\x00\x00\x00\x00\x00\x00\x00\x00\x00\x00\x00\x00\x00\x00\x00\x00\x00\x00\x00\x00\x00\x00\x00\x00\x00\x00\x00\x00\x00\x00\x00\x00\x00\x00\x00\x00\x00\x00\x00\x00\x00\x00\x00\x00\x00\x00\x00\x00\x00')
DEBUG:root:Get: 254
DEBUG:root:AbsolutePathName::GeneralPathToInodeNumber: path: f3, cwd: 0
DEBUG:root:AbsolutePathName::PathToInodeNumber: path: f3, dir: 0
DEBUG:root:FileName::Lookup: f3, 0
DEBUG:root:InodeNumber::InodeNumberToInode: 0
DEBUG:root:Get: 3
DEBUG:root:InodeNumber::InodeNumberToInode: inode_number 0 raw_block_number: 3 slice start: 0 end: 32
DEBUG:root:inode_slice: 0000002000020002000000090000000000000000000000000000000000000000
DEBUG:root:InodeNumber::InodeNumberToBlock: 0
DEBUG:root:InodeNumber::InodeNumberToInode: 0
DEBUG:root:Get: 3
DEBUG:root:InodeNumber::InodeNumberToInode: inode_number 0 raw_block_number: 3 slice start: 0 end: 32
DEBUG:root:inode_slice: 0000002000020002000000090000000000000000000000000000000000000000
DEBUG:root:Get: 9
DEBUG:root:FileName::HelperGetFilenameString: 2e000000000000000000000000000000663300000000000000000000000000010000000000000000000000000000000000000000000000000000000000000000000000000000000000000000000000000000000000000000000000000000000000000000000000000000000000000000000000000000000000000000000000000000000000000000000000000000000000000000000000000000000000000000000000000000000000000000000000000000000000000000000000000000000000000000000000000000000000000000000000000000000000000000000000000000000000000000000000000000000000000000000000000000000000000000, 0
DEBUG:root:FileName::Lookup for f3 in 0: searching string bytearray(b'.\x00\x00\x00\x00\x00\x00\x00\x00\x00\x00\x00')
DEBUG:root:FileName::HelperGetFilenameString: 2e000000000000000000000000000000663300000000000000000000000000010000000000000000000000000000000000000000000000000000000000000000000000000000000000000000000000000000000000000000000000000000000000000000000000000000000000000000000000000000000000000000000000000000000000000000000000000000000000000000000000000000000000000000000000000000000000000000000000000000000000000000000000000000000000000000000000000000000000000000000000000000000000000000000000000000000000000000000000000000000000000000000000000000000000000000, 1
DEBUG:root:FileName::Lookup for f3 in 0: searching string bytearray(b'f3\x00\x00\x00\x00\x00\x00\x00\x00\x00\x00')
DEBUG:root:FileName::HelperGetFilenameInodeNumber: 2e000000000000000000000000000000663300000000000000000000000000010000000000000000000000000000000000000000000000000000000000000000000000000000000000000000000000000000000000000000000000000000000000000000000000000000000000000000000000000000000000000000000000000000000000000000000000000000000000000000000000000000000000000000000000000000000000000000000000000000000000000000000000000000000000000000000000000000000000000000000000000000000000000000000000000000000000000000000000000000000000000000000000000000000000000000, 1
DEBUG:root:FileName::Lookup successful: 1
DEBUG:root:InodeNumber::InodeNumberToInode: 1
DEBUG:root:Get: 3
DEBUG:root:InodeNumber::InodeNumberToInode: inode_number 1 raw_block_number: 3 slice start: 32 end: 64
DEBUG:root:inode_slice: 00000020000100010000000a0000000000000000000000000000000000000000
DEBUG:root:InodeNumber::InodeNumberToInode: 1
DEBUG:root:Get: 3
DEBUG:root:InodeNumber::InodeNumberToInode: inode_number 1 raw_block_number: 3 slice start: 32 end: 64
DEBUG:root:inode_slice: 00000020000100010000000a0000000000000000000000000000000000000000
DEBUG:root:FileOperations::Read: file_inode_number: 1, offset: 0, count: 1536
DEBUG:root:InodeNumber::InodeNumberToInode: 1
DEBUG:root:Get: 3
DEBUG:root:InodeNumber::InodeNumberToInode: inode_number 1 raw_block_number: 3 slice start: 32 end: 64
DEBUG:root:inode_slice: 00000020000100010000000a0000000000000000000000000000000000000000
DEBUG:root:FileOperations::Read: current_block_index: 0 , next_block_boundary: 256
DEBUG:root:FileOperations::Read: read_start: 0 , read_end: 32
DEBUG:root:Get: 10
DEBUG:root:FileOperations::Read: current_offset: 32 , bytes_read: 32
DEBUG:root:Release
DEBUG:root:Put: block number 255 len 256
00000000000000000000000000000000000000000000000000000000000000000000000000000000000000000000000000000000000000000000000000000000000000000000000000000000000000000000000000000000000000000000000000000000000000000000000000000000000000000000000000000000000000000000000000000000000000000000000000000000000000000000000000000000000000000000000000000000000000000000000000000000000000000000000000000000000000000000000000000000000000000000000000000000000000000000000000000000000000000000000000000000000000000000000000000000
DEBUG:root:Put: block number 255 len 256
00000000000000000000000000000000000000000000000000000000000000000000000000000000000000000000000000000000000000000000000000000000000000000000000000000000000000000000000000000000000000000000000000000000000000000000000000000000000000000000000000000000000000000000000000000000000000000000000000000000000000000000000000000000000000000000000000000000000000000000000000000000000000000000000000000000000000000000000000000000000000000000000000000000000000000000000000000000000000000000000000000000000000000000000000000000
DEBUG:root:Acquire
DEBUG:root:RSM: 255
DEBUG:root:RSM_BLOCK Lock value: bytearray(b'\x00\x00\x00\x00\x00\x00\x00\x00\x00\x00\x00\x00\x00\x00\x00\x00\x00\x00\x00\x00\x00\x00\x00\x00\x00\x00\x00\x00\x00\x00\x00\x00\x00\x00\x00\x00\x00\x00\x00\x00\x00\x00\x00\x00\x00\x00\x00\x00\x00\x00\x00\x00\x00\x00\x00\x00\x00\x00\x00\x00\x00\x00\x00\x00\x00\x00\x00\x00\x00\x00\x00\x00\x00\x00\x00\x00\x00\x00\x00\x00\x00\x00\x00\x00\x00\x00\x00\x00\x00\x00\x00\x00\x00\x00\x00\x00\x00\x00\x00\x00\x00\x00\x00\x00\x00\x00\x00\x00\x00\x00\x00\x00\x00\x00\x00\x00\x00\x00\x00\x00\x00\x00\x00\x00\x00\x00\x00\x00\x00\x00\x00\x00\x00\x00\x00\x00\x00\x00\x00\x00\x00\x00\x00\x00\x00\x00\x00\x00\x00\x00\x00\x00\x00\x00\x00\x00\x00\x00\x00\x00\x00\x00\x00\x00\x00\x00\x00\x00\x00\x00\x00\x00\x00\x00\x00\x00\x00\x00\x00\x00\x00\x00\x00\x00\x00\x00\x00\x00\x00\x00\x00\x00\x00\x00\x00\x00\x00\x00\x00\x00\x00\x00\x00\x00\x00\x00\x00\x00\x00\x00\x00\x00\x00\x00\x00\x00\x00\x00\x00\x00\x00\x00\x00\x00\x00\x00\x00\x00\x00\x00\x00\x00\x00\x00\x00\x00\x00\x00\x00\x00\x00\x00\x00\x00\x00\x00\x00\x00\x00\x00\x00\x00\x00\x00\x00\x00')
DEBUG:root:Get: 254
DEBUG:root:AbsolutePathName::GeneralPathToInodeNumber: path: f3, cwd: 0
DEBUG:root:AbsolutePathName::PathToInodeNumber: path: f3, dir: 0
DEBUG:root:FileName::Lookup: f3, 0
DEBUG:root:InodeNumber::InodeNumberToInode: 0
DEBUG:root:Get: 3
DEBUG:root:InodeNumber::InodeNumberToInode: inode_number 0 raw_block_number: 3 slice start: 0 end: 32
DEBUG:root:inode_slice: 0000002000020002000000090000000000000000000000000000000000000000
DEBUG:root:InodeNumber::InodeNumberToBlock: 0
DEBUG:root:InodeNumber::InodeNumberToInode: 0
DEBUG:root:Get: 3
DEBUG:root:InodeNumber::InodeNumberToInode: inode_number 0 raw_block_number: 3 slice start: 0 end: 32
DEBUG:root:inode_slice: 0000002000020002000000090000000000000000000000000000000000000000
DEBUG:root:Get: 9
DEBUG:root:FileName::HelperGetFilenameString: 2e000000000000000000000000000000663300000000000000000000000000010000000000000000000000000000000000000000000000000000000000000000000000000000000000000000000000000000000000000000000000000000000000000000000000000000000000000000000000000000000000000000000000000000000000000000000000000000000000000000000000000000000000000000000000000000000000000000000000000000000000000000000000000000000000000000000000000000000000000000000000000000000000000000000000000000000000000000000000000000000000000000000000000000000000000000, 0
DEBUG:root:FileName::Lookup for f3 in 0: searching string bytearray(b'.\x00\x00\x00\x00\x00\x00\x00\x00\x00\x00\x00')
DEBUG:root:FileName::HelperGetFilenameString: 2e000000000000000000000000000000663300000000000000000000000000010000000000000000000000000000000000000000000000000000000000000000000000000000000000000000000000000000000000000000000000000000000000000000000000000000000000000000000000000000000000000000000000000000000000000000000000000000000000000000000000000000000000000000000000000000000000000000000000000000000000000000000000000000000000000000000000000000000000000000000000000000000000000000000000000000000000000000000000000000000000000000000000000000000000000000, 1
DEBUG:root:FileName::Lookup for f3 in 0: searching string bytearray(b'f3\x00\x00\x00\x00\x00\x00\x00\x00\x00\x00')
DEBUG:root:FileName::HelperGetFilenameInodeNumber: 2e000000000000000000000000000000663300000000000000000000000000010000000000000000000000000000000000000000000000000000000000000000000000000000000000000000000000000000000000000000000000000000000000000000000000000000000000000000000000000000000000000000000000000000000000000000000000000000000000000000000000000000000000000000000000000000000000000000000000000000000000000000000000000000000000000000000000000000000000000000000000000000000000000000000000000000000000000000000000000000000000000000000000000000000000000000, 1
DEBUG:root:FileName::Lookup successful: 1
DEBUG:root:InodeNumber::InodeNumberToInode: 1
DEBUG:root:Get: 3
DEBUG:root:InodeNumber::InodeNumberToInode: inode_number 1 raw_block_number: 3 slice start: 32 end: 64
DEBUG:root:inode_slice: 00000020000100010000000a0000000000000000000000000000000000000000
DEBUG:root:InodeNumber::InodeNumberToInode: 1
DEBUG:root:Get: 3
DEBUG:root:InodeNumber::InodeNumberToInode: inode_number 1 raw_block_number: 3 slice start: 32 end: 64
DEBUG:root:inode_slice: 00000020000100010000000a0000000000000000000000000000000000000000
DEBUG:root:FileOperations::Write: file_inode_number: 1, offset: 32, len(data): 24
DEBUG:root:InodeNumber::InodeNumberToInode: 1
DEBUG:root:Get: 3
DEBUG:root:InodeNumber::InodeNumberToInode: inode_number 1 raw_block_number: 3 slice start: 32 end: 64
DEBUG:root:inode_slice: 00000020000100010000000a0000000000000000000000000000000000000000
DEBUG:root:FileOperations::Write: current_block_index: 0 , next_block_boundary: 256
DEBUG:root:FileOperations::Write: write_start: 32 , write_end: 56
DEBUG:root:Get: 10
DEBUG:root:Put: block number 10 len 256
6a6169726f67617263696761626c6168626c6168626c6168626c6168626c61686a6169726f676172636967616a6169726f676172636967610000000000000000000000000000000000000000000000000000000000000000000000000000000000000000000000000000000000000000000000000000000000000000000000000000000000000000000000000000000000000000000000000000000000000000000000000000000000000000000000000000000000000000000000000000000000000000000000000000000000000000000000000000000000000000000000000000000000000000000000000000000000000000000000000000000000000000
DEBUG:root:Put: block number 10 len 256
6a6169726f67617263696761626c6168626c6168626c6168626c6168626c61686a6169726f676172636967616a6169726f676172636967610000000000000000000000000000000000000000000000000000000000000000000000000000000000000000000000000000000000000000000000000000000000000000000000000000000000000000000000000000000000000000000000000000000000000000000000000000000000000000000000000000000000000000000000000000000000000000000000000000000000000000000000000000000000000000000000000000000000000000000000000000000000000000000000000000000000000000
DEBUG:root:FileOperations::Write: current_offset: 56 , bytes_written: 24 , len(data): 24
DEBUG:root:InodeNumber::StoreInode: 1
DEBUG:root:InodeNumber::StoreInode: inode_table_raw_block_number 3
DEBUG:root:Get: 3
DEBUG:root:InodeNumber::StoreInode: inode_table_raw_block:
000000200002000200000009000000000000000000000000000000000000000000000020000100010000000a0000000000000000000000000000000000000000000000000000000000000000000000000000000000000000000000000000000000000000000000000000000000000000000000000000000000000000000000000000000000000000000000000000000000000000000000000000000000000000000000000000000000000000000000000000000000000000000000000000000000000000000000000000000000000000000000000000000000000000000000000000000000000000000000000000000000000000000000000000000000000000
DEBUG:root:InodeNumber::StoreInode: start: 32, end: 64
DEBUG:root:InodeNumber::StoreInode: tempblock:
000000200002000200000009000000000000000000000000000000000000000000000038000100010000000a0000000000000000000000000000000000000000000000000000000000000000000000000000000000000000000000000000000000000000000000000000000000000000000000000000000000000000000000000000000000000000000000000000000000000000000000000000000000000000000000000000000000000000000000000000000000000000000000000000000000000000000000000000000000000000000000000000000000000000000000000000000000000000000000000000000000000000000000000000000000000000
DEBUG:root:Put: block number 3 len 256
000000200002000200000009000000000000000000000000000000000000000000000038000100010000000a0000000000000000000000000000000000000000000000000000000000000000000000000000000000000000000000000000000000000000000000000000000000000000000000000000000000000000000000000000000000000000000000000000000000000000000000000000000000000000000000000000000000000000000000000000000000000000000000000000000000000000000000000000000000000000000000000000000000000000000000000000000000000000000000000000000000000000000000000000000000000000
DEBUG:root:Put: block number 3 len 256
000000200002000200000009000000000000000000000000000000000000000000000038000100010000000a0000000000000000000000000000000000000000000000000000000000000000000000000000000000000000000000000000000000000000000000000000000000000000000000000000000000000000000000000000000000000000000000000000000000000000000000000000000000000000000000000000000000000000000000000000000000000000000000000000000000000000000000000000000000000000000000000000000000000000000000000000000000000000000000000000000000000000000000000000000000000000
DEBUG:root:Release
DEBUG:root:Put: block number 255 len 256
00000000000000000000000000000000000000000000000000000000000000000000000000000000000000000000000000000000000000000000000000000000000000000000000000000000000000000000000000000000000000000000000000000000000000000000000000000000000000000000000000000000000000000000000000000000000000000000000000000000000000000000000000000000000000000000000000000000000000000000000000000000000000000000000000000000000000000000000000000000000000000000000000000000000000000000000000000000000000000000000000000000000000000000000000000000
DEBUG:root:Put: block number 255 len 256
00000000000000000000000000000000000000000000000000000000000000000000000000000000000000000000000000000000000000000000000000000000000000000000000000000000000000000000000000000000000000000000000000000000000000000000000000000000000000000000000000000000000000000000000000000000000000000000000000000000000000000000000000000000000000000000000000000000000000000000000000000000000000000000000000000000000000000000000000000000000000000000000000000000000000000000000000000000000000000000000000000000000000000000000000000000
DEBUG:root:Acquire
DEBUG:root:RSM: 255
DEBUG:root:RSM_BLOCK Lock value: bytearray(b'\x00\x00\x00\x00\x00\x00\x00\x00\x00\x00\x00\x00\x00\x00\x00\x00\x00\x00\x00\x00\x00\x00\x00\x00\x00\x00\x00\x00\x00\x00\x00\x00\x00\x00\x00\x00\x00\x00\x00\x00\x00\x00\x00\x00\x00\x00\x00\x00\x00\x00\x00\x00\x00\x00\x00\x00\x00\x00\x00\x00\x00\x00\x00\x00\x00\x00\x00\x00\x00\x00\x00\x00\x00\x00\x00\x00\x00\x00\x00\x00\x00\x00\x00\x00\x00\x00\x00\x00\x00\x00\x00\x00\x00\x00\x00\x00\x00\x00\x00\x00\x00\x00\x00\x00\x00\x00\x00\x00\x00\x00\x00\x00\x00\x00\x00\x00\x00\x00\x00\x00\x00\x00\x00\x00\x00\x00\x00\x00\x00\x00\x00\x00\x00\x00\x00\x00\x00\x00\x00\x00\x00\x00\x00\x00\x00\x00\x00\x00\x00\x00\x00\x00\x00\x00\x00\x00\x00\x00\x00\x00\x00\x00\x00\x00\x00\x00\x00\x00\x00\x00\x00\x00\x00\x00\x00\x00\x00\x00\x00\x00\x00\x00\x00\x00\x00\x00\x00\x00\x00\x00\x00\x00\x00\x00\x00\x00\x00\x00\x00\x00\x00\x00\x00\x00\x00\x00\x00\x00\x00\x00\x00\x00\x00\x00\x00\x00\x00\x00\x00\x00\x00\x00\x00\x00\x00\x00\x00\x00\x00\x00\x00\x00\x00\x00\x00\x00\x00\x00\x00\x00\x00\x00\x00\x00\x00\x00\x00\x00\x00\x00\x00\x00\x00\x00\x00\x00')
DEBUG:root:Get: 254
DEBUG:root:AbsolutePathName::GeneralPathToInodeNumber: path: f3, cwd: 0
DEBUG:root:AbsolutePathName::PathToInodeNumber: path: f3, dir: 0
DEBUG:root:FileName::Lookup: f3, 0
DEBUG:root:InodeNumber::InodeNumberToInode: 0
DEBUG:root:Get: 3
DEBUG:root:InodeNumber::InodeNumberToInode: inode_number 0 raw_block_number: 3 slice start: 0 end: 32
DEBUG:root:inode_slice: 0000002000020002000000090000000000000000000000000000000000000000
DEBUG:root:InodeNumber::InodeNumberToBlock: 0
DEBUG:root:InodeNumber::InodeNumberToInode: 0
DEBUG:root:Get: 3
DEBUG:root:InodeNumber::InodeNumberToInode: inode_number 0 raw_block_number: 3 slice start: 0 end: 32
DEBUG:root:inode_slice: 0000002000020002000000090000000000000000000000000000000000000000
DEBUG:root:Get: 9
DEBUG:root:FileName::HelperGetFilenameString: 2e000000000000000000000000000000663300000000000000000000000000010000000000000000000000000000000000000000000000000000000000000000000000000000000000000000000000000000000000000000000000000000000000000000000000000000000000000000000000000000000000000000000000000000000000000000000000000000000000000000000000000000000000000000000000000000000000000000000000000000000000000000000000000000000000000000000000000000000000000000000000000000000000000000000000000000000000000000000000000000000000000000000000000000000000000000, 0
DEBUG:root:FileName::Lookup for f3 in 0: searching string bytearray(b'.\x00\x00\x00\x00\x00\x00\x00\x00\x00\x00\x00')
DEBUG:root:FileName::HelperGetFilenameString: 2e000000000000000000000000000000663300000000000000000000000000010000000000000000000000000000000000000000000000000000000000000000000000000000000000000000000000000000000000000000000000000000000000000000000000000000000000000000000000000000000000000000000000000000000000000000000000000000000000000000000000000000000000000000000000000000000000000000000000000000000000000000000000000000000000000000000000000000000000000000000000000000000000000000000000000000000000000000000000000000000000000000000000000000000000000000, 1
DEBUG:root:FileName::Lookup for f3 in 0: searching string bytearray(b'f3\x00\x00\x00\x00\x00\x00\x00\x00\x00\x00')
DEBUG:root:FileName::HelperGetFilenameInodeNumber: 2e000000000000000000000000000000663300000000000000000000000000010000000000000000000000000000000000000000000000000000000000000000000000000000000000000000000000000000000000000000000000000000000000000000000000000000000000000000000000000000000000000000000000000000000000000000000000000000000000000000000000000000000000000000000000000000000000000000000000000000000000000000000000000000000000000000000000000000000000000000000000000000000000000000000000000000000000000000000000000000000000000000000000000000000000000000, 1
DEBUG:root:FileName::Lookup successful: 1
DEBUG:root:InodeNumber::InodeNumberToInode: 1
DEBUG:root:Get: 3
DEBUG:root:InodeNumber::InodeNumberToInode: inode_number 1 raw_block_number: 3 slice start: 32 end: 64
DEBUG:root:inode_slice: 00000038000100010000000a0000000000000000000000000000000000000000
DEBUG:root:InodeNumber::InodeNumberToInode: 1
DEBUG:root:Get: 3
DEBUG:root:InodeNumber::InodeNumberToInode: inode_number 1 raw_block_number: 3 slice start: 32 end: 64
DEBUG:root:inode_slice: 00000038000100010000000a0000000000000000000000000000000000000000
DEBUG:root:FileOperations::Mirror: file_inode_number: 1
DEBUG:root:InodeNumber::InodeNumberToInode: 1
DEBUG:root:Get: 3
DEBUG:root:InodeNumber::InodeNumberToInode: inode_number 1 raw_block_number: 3 slice start: 32 end: 64
DEBUG:root:inode_slice: 00000038000100010000000a0000000000000000000000000000000000000000
DEBUG:root:FileOperations::Read: file_inode_number: 1, offset: 0, count: 56
DEBUG:root:InodeNumber::InodeNumberToInode: 1
DEBUG:root:Get: 3
DEBUG:root:InodeNumber::InodeNumberToInode: inode_number 1 raw_block_number: 3 slice start: 32 end: 64
DEBUG:root:inode_slice: 00000038000100010000000a0000000000000000000000000000000000000000
DEBUG:root:FileOperations::Read: current_block_index: 0 , next_block_boundary: 256
DEBUG:root:FileOperations::Read: read_start: 0 , read_end: 56
DEBUG:root:Get: 10
DEBUG:root:FileOperations::Read: current_offset: 56 , bytes_read: 56
DEBUG:root:FileOperations::Write: file_inode_number: 1, offset: 0, len(data): 56
DEBUG:root:InodeNumber::InodeNumberToInode: 1
DEBUG:root:Get: 3
DEBUG:root:InodeNumber::InodeNumberToInode: inode_number 1 raw_block_number: 3 slice start: 32 end: 64
DEBUG:root:inode_slice: 00000038000100010000000a0000000000000000000000000000000000000000
DEBUG:root:FileOperations::Write: current_block_index: 0 , next_block_boundary: 256
DEBUG:root:FileOperations::Write: write_start: 0 , write_end: 56
DEBUG:root:Get: 10
DEBUG:root:Put: block number 10 len 256
616769637261676f7269616a616769637261676f7269616a68616c6268616c6268616c6268616c6268616c62616769637261676f7269616a0000000000000000000000000000000000000000000000000000000000000000000000000000000000000000000000000000000000000000000000000000000000000000000000000000000000000000000000000000000000000000000000000000000000000000000000000000000000000000000000000000000000000000000000000000000000000000000000000000000000000000000000000000000000000000000000000000000000000000000000000000000000000000000000000000000000000000
DEBUG:root:Put: block number 10 len 256
616769637261676f7269616a616769637261676f7269616a68616c6268616c6268616c6268616c6268616c62616769637261676f7269616a0000000000000000000000000000000000000000000000000000000000000000000000000000000000000000000000000000000000000000000000000000000000000000000000000000000000000000000000000000000000000000000000000000000000000000000000000000000000000000000000000000000000000000000000000000000000000000000000000000000000000000000000000000000000000000000000000000000000000000000000000000000000000000000000000000000000000000
DEBUG:root:FileOperations::Write: current_offset: 56 , bytes_written: 56 , len(data): 56
DEBUG:root:InodeNumber::StoreInode: 1
DEBUG:root:InodeNumber::StoreInode: inode_table_raw_block_number 3
DEBUG:root:Get: 3
DEBUG:root:InodeNumber::StoreInode: inode_table_raw_block:
000000200002000200000009000000000000000000000000000000000000000000000038000100010000000a0000000000000000000000000000000000000000000000000000000000000000000000000000000000000000000000000000000000000000000000000000000000000000000000000000000000000000000000000000000000000000000000000000000000000000000000000000000000000000000000000000000000000000000000000000000000000000000000000000000000000000000000000000000000000000000000000000000000000000000000000000000000000000000000000000000000000000000000000000000000000000
DEBUG:root:InodeNumber::StoreInode: start: 32, end: 64
DEBUG:root:InodeNumber::StoreInode: tempblock:
000000200002000200000009000000000000000000000000000000000000000000000038000100010000000a0000000000000000000000000000000000000000000000000000000000000000000000000000000000000000000000000000000000000000000000000000000000000000000000000000000000000000000000000000000000000000000000000000000000000000000000000000000000000000000000000000000000000000000000000000000000000000000000000000000000000000000000000000000000000000000000000000000000000000000000000000000000000000000000000000000000000000000000000000000000000000
DEBUG:root:Put: block number 3 len 256
000000200002000200000009000000000000000000000000000000000000000000000038000100010000000a0000000000000000000000000000000000000000000000000000000000000000000000000000000000000000000000000000000000000000000000000000000000000000000000000000000000000000000000000000000000000000000000000000000000000000000000000000000000000000000000000000000000000000000000000000000000000000000000000000000000000000000000000000000000000000000000000000000000000000000000000000000000000000000000000000000000000000000000000000000000000000
DEBUG:root:Put: block number 3 len 256
000000200002000200000009000000000000000000000000000000000000000000000038000100010000000a0000000000000000000000000000000000000000000000000000000000000000000000000000000000000000000000000000000000000000000000000000000000000000000000000000000000000000000000000000000000000000000000000000000000000000000000000000000000000000000000000000000000000000000000000000000000000000000000000000000000000000000000000000000000000000000000000000000000000000000000000000000000000000000000000000000000000000000000000000000000000000
DEBUG:root:Release
DEBUG:root:Put: block number 255 len 256
00000000000000000000000000000000000000000000000000000000000000000000000000000000000000000000000000000000000000000000000000000000000000000000000000000000000000000000000000000000000000000000000000000000000000000000000000000000000000000000000000000000000000000000000000000000000000000000000000000000000000000000000000000000000000000000000000000000000000000000000000000000000000000000000000000000000000000000000000000000000000000000000000000000000000000000000000000000000000000000000000000000000000000000000000000000
DEBUG:root:Put: block number 255 len 256
00000000000000000000000000000000000000000000000000000000000000000000000000000000000000000000000000000000000000000000000000000000000000000000000000000000000000000000000000000000000000000000000000000000000000000000000000000000000000000000000000000000000000000000000000000000000000000000000000000000000000000000000000000000000000000000000000000000000000000000000000000000000000000000000000000000000000000000000000000000000000000000000000000000000000000000000000000000000000000000000000000000000000000000000000000000
DEBUG:root:Acquire
DEBUG:root:RSM: 255
DEBUG:root:RSM_BLOCK Lock value: bytearray(b'\x00\x00\x00\x00\x00\x00\x00\x00\x00\x00\x00\x00\x00\x00\x00\x00\x00\x00\x00\x00\x00\x00\x00\x00\x00\x00\x00\x00\x00\x00\x00\x00\x00\x00\x00\x00\x00\x00\x00\x00\x00\x00\x00\x00\x00\x00\x00\x00\x00\x00\x00\x00\x00\x00\x00\x00\x00\x00\x00\x00\x00\x00\x00\x00\x00\x00\x00\x00\x00\x00\x00\x00\x00\x00\x00\x00\x00\x00\x00\x00\x00\x00\x00\x00\x00\x00\x00\x00\x00\x00\x00\x00\x00\x00\x00\x00\x00\x00\x00\x00\x00\x00\x00\x00\x00\x00\x00\x00\x00\x00\x00\x00\x00\x00\x00\x00\x00\x00\x00\x00\x00\x00\x00\x00\x00\x00\x00\x00\x00\x00\x00\x00\x00\x00\x00\x00\x00\x00\x00\x00\x00\x00\x00\x00\x00\x00\x00\x00\x00\x00\x00\x00\x00\x00\x00\x00\x00\x00\x00\x00\x00\x00\x00\x00\x00\x00\x00\x00\x00\x00\x00\x00\x00\x00\x00\x00\x00\x00\x00\x00\x00\x00\x00\x00\x00\x00\x00\x00\x00\x00\x00\x00\x00\x00\x00\x00\x00\x00\x00\x00\x00\x00\x00\x00\x00\x00\x00\x00\x00\x00\x00\x00\x00\x00\x00\x00\x00\x00\x00\x00\x00\x00\x00\x00\x00\x00\x00\x00\x00\x00\x00\x00\x00\x00\x00\x00\x00\x00\x00\x00\x00\x00\x00\x00\x00\x00\x00\x00\x00\x00\x00\x00\x00\x00\x00\x00')
DEBUG:root:Get: 254
DEBUG:root:AbsolutePathName::GeneralPathToInodeNumber: path: f3, cwd: 0
DEBUG:root:AbsolutePathName::PathToInodeNumber: path: f3, dir: 0
DEBUG:root:FileName::Lookup: f3, 0
DEBUG:root:InodeNumber::InodeNumberToInode: 0
DEBUG:root:Get: 3
DEBUG:root:InodeNumber::InodeNumberToInode: inode_number 0 raw_block_number: 3 slice start: 0 end: 32
DEBUG:root:inode_slice: 0000002000020002000000090000000000000000000000000000000000000000
DEBUG:root:InodeNumber::InodeNumberToBlock: 0
DEBUG:root:InodeNumber::InodeNumberToInode: 0
DEBUG:root:Get: 3
DEBUG:root:InodeNumber::InodeNumberToInode: inode_number 0 raw_block_number: 3 slice start: 0 end: 32
DEBUG:root:inode_slice: 0000002000020002000000090000000000000000000000000000000000000000
DEBUG:root:Get: 9
DEBUG:root:FileName::HelperGetFilenameString: 2e000000000000000000000000000000663300000000000000000000000000010000000000000000000000000000000000000000000000000000000000000000000000000000000000000000000000000000000000000000000000000000000000000000000000000000000000000000000000000000000000000000000000000000000000000000000000000000000000000000000000000000000000000000000000000000000000000000000000000000000000000000000000000000000000000000000000000000000000000000000000000000000000000000000000000000000000000000000000000000000000000000000000000000000000000000, 0
DEBUG:root:FileName::Lookup for f3 in 0: searching string bytearray(b'.\x00\x00\x00\x00\x00\x00\x00\x00\x00\x00\x00')
DEBUG:root:FileName::HelperGetFilenameString: 2e000000000000000000000000000000663300000000000000000000000000010000000000000000000000000000000000000000000000000000000000000000000000000000000000000000000000000000000000000000000000000000000000000000000000000000000000000000000000000000000000000000000000000000000000000000000000000000000000000000000000000000000000000000000000000000000000000000000000000000000000000000000000000000000000000000000000000000000000000000000000000000000000000000000000000000000000000000000000000000000000000000000000000000000000000000, 1
DEBUG:root:FileName::Lookup for f3 in 0: searching string bytearray(b'f3\x00\x00\x00\x00\x00\x00\x00\x00\x00\x00')
DEBUG:root:FileName::HelperGetFilenameInodeNumber: 2e000000000000000000000000000000663300000000000000000000000000010000000000000000000000000000000000000000000000000000000000000000000000000000000000000000000000000000000000000000000000000000000000000000000000000000000000000000000000000000000000000000000000000000000000000000000000000000000000000000000000000000000000000000000000000000000000000000000000000000000000000000000000000000000000000000000000000000000000000000000000000000000000000000000000000000000000000000000000000000000000000000000000000000000000000000, 1
DEBUG:root:FileName::Lookup successful: 1
DEBUG:root:InodeNumber::InodeNumberToInode: 1
DEBUG:root:Get: 3
DEBUG:root:InodeNumber::InodeNumberToInode: inode_number 1 raw_block_number: 3 slice start: 32 end: 64
DEBUG:root:inode_slice: 00000038000100010000000a0000000000000000000000000000000000000000
DEBUG:root:InodeNumber::InodeNumberToInode: 1
DEBUG:root:Get: 3
DEBUG:root:InodeNumber::InodeNumberToInode: inode_number 1 raw_block_number: 3 slice start: 32 end: 64
DEBUG:root:inode_slice: 00000038000100010000000a0000000000000000000000000000000000000000
DEBUG:root:FileOperations::Read: file_inode_number: 1, offset: 0, count: 1536
DEBUG:root:InodeNumber::InodeNumberToInode: 1
DEBUG:root:Get: 3
DEBUG:root:InodeNumber::InodeNumberToInode: inode_number 1 raw_block_number: 3 slice start: 32 end: 64
DEBUG:root:inode_slice: 00000038000100010000000a0000000000000000000000000000000000000000
DEBUG:root:FileOperations::Read: current_block_index: 0 , next_block_boundary: 256
DEBUG:root:FileOperations::Read: read_start: 0 , read_end: 56
DEBUG:root:Get: 10
DEBUG:root:FileOperations::Read: current_offset: 56 , bytes_read: 56
DEBUG:root:Release
DEBUG:root:Put: block number 255 len 256
00000000000000000000000000000000000000000000000000000000000000000000000000000000000000000000000000000000000000000000000000000000000000000000000000000000000000000000000000000000000000000000000000000000000000000000000000000000000000000000000000000000000000000000000000000000000000000000000000000000000000000000000000000000000000000000000000000000000000000000000000000000000000000000000000000000000000000000000000000000000000000000000000000000000000000000000000000000000000000000000000000000000000000000000000000000
DEBUG:root:Put: block number 255 len 256
00000000000000000000000000000000000000000000000000000000000000000000000000000000000000000000000000000000000000000000000000000000000000000000000000000000000000000000000000000000000000000000000000000000000000000000000000000000000000000000000000000000000000000000000000000000000000000000000000000000000000000000000000000000000000000000000000000000000000000000000000000000000000000000000000000000000000000000000000000000000000000000000000000000000000000000000000000000000000000000000000000000000000000000000000000000
DEBUG:root:Acquire
DEBUG:root:RSM: 255
DEBUG:root:RSM_BLOCK Lock value: bytearray(b'\x00\x00\x00\x00\x00\x00\x00\x00\x00\x00\x00\x00\x00\x00\x00\x00\x00\x00\x00\x00\x00\x00\x00\x00\x00\x00\x00\x00\x00\x00\x00\x00\x00\x00\x00\x00\x00\x00\x00\x00\x00\x00\x00\x00\x00\x00\x00\x00\x00\x00\x00\x00\x00\x00\x00\x00\x00\x00\x00\x00\x00\x00\x00\x00\x00\x00\x00\x00\x00\x00\x00\x00\x00\x00\x00\x00\x00\x00\x00\x00\x00\x00\x00\x00\x00\x00\x00\x00\x00\x00\x00\x00\x00\x00\x00\x00\x00\x00\x00\x00\x00\x00\x00\x00\x00\x00\x00\x00\x00\x00\x00\x00\x00\x00\x00\x00\x00\x00\x00\x00\x00\x00\x00\x00\x00\x00\x00\x00\x00\x00\x00\x00\x00\x00\x00\x00\x00\x00\x00\x00\x00\x00\x00\x00\x00\x00\x00\x00\x00\x00\x00\x00\x00\x00\x00\x00\x00\x00\x00\x00\x00\x00\x00\x00\x00\x00\x00\x00\x00\x00\x00\x00\x00\x00\x00\x00\x00\x00\x00\x00\x00\x00\x00\x00\x00\x00\x00\x00\x00\x00\x00\x00\x00\x00\x00\x00\x00\x00\x00\x00\x00\x00\x00\x00\x00\x00\x00\x00\x00\x00\x00\x00\x00\x00\x00\x00\x00\x00\x00\x00\x00\x00\x00\x00\x00\x00\x00\x00\x00\x00\x00\x00\x00\x00\x00\x00\x00\x00\x00\x00\x00\x00\x00\x00\x00\x00\x00\x00\x00\x00\x00\x00\x00\x00\x00\x00')
DEBUG:root:Get: 254
DEBUG:root:FileOperations::Unlink: dir: 0, name: f3
DEBUG:root:InodeNumber::InodeNumberToInode: 0
DEBUG:root:Get: 3
DEBUG:root:InodeNumber::InodeNumberToInode: inode_number 0 raw_block_number: 3 slice start: 0 end: 32
DEBUG:root:inode_slice: 0000002000020002000000090000000000000000000000000000000000000000
DEBUG:root:FileName::Lookup: f3, 0
DEBUG:root:InodeNumber::InodeNumberToInode: 0
DEBUG:root:Get: 3
DEBUG:root:InodeNumber::InodeNumberToInode: inode_number 0 raw_block_number: 3 slice start: 0 end: 32
DEBUG:root:inode_slice: 0000002000020002000000090000000000000000000000000000000000000000
DEBUG:root:InodeNumber::InodeNumberToBlock: 0
DEBUG:root:InodeNumber::InodeNumberToInode: 0
DEBUG:root:Get: 3
DEBUG:root:InodeNumber::InodeNumberToInode: inode_number 0 raw_block_number: 3 slice start: 0 end: 32
DEBUG:root:inode_slice: 0000002000020002000000090000000000000000000000000000000000000000
DEBUG:root:Get: 9
DEBUG:root:FileName::HelperGetFilenameString: 2e000000000000000000000000000000663300000000000000000000000000010000000000000000000000000000000000000000000000000000000000000000000000000000000000000000000000000000000000000000000000000000000000000000000000000000000000000000000000000000000000000000000000000000000000000000000000000000000000000000000000000000000000000000000000000000000000000000000000000000000000000000000000000000000000000000000000000000000000000000000000000000000000000000000000000000000000000000000000000000000000000000000000000000000000000000, 0
DEBUG:root:FileName::Lookup for f3 in 0: searching string bytearray(b'.\x00\x00\x00\x00\x00\x00\x00\x00\x00\x00\x00')
DEBUG:root:FileName::HelperGetFilenameString: 2e000000000000000000000000000000663300000000000000000000000000010000000000000000000000000000000000000000000000000000000000000000000000000000000000000000000000000000000000000000000000000000000000000000000000000000000000000000000000000000000000000000000000000000000000000000000000000000000000000000000000000000000000000000000000000000000000000000000000000000000000000000000000000000000000000000000000000000000000000000000000000000000000000000000000000000000000000000000000000000000000000000000000000000000000000000, 1
DEBUG:root:FileName::Lookup for f3 in 0: searching string bytearray(b'f3\x00\x00\x00\x00\x00\x00\x00\x00\x00\x00')
DEBUG:root:FileName::HelperGetFilenameInodeNumber: 2e000000000000000000000000000000663300000000000000000000000000010000000000000000000000000000000000000000000000000000000000000000000000000000000000000000000000000000000000000000000000000000000000000000000000000000000000000000000000000000000000000000000000000000000000000000000000000000000000000000000000000000000000000000000000000000000000000000000000000000000000000000000000000000000000000000000000000000000000000000000000000000000000000000000000000000000000000000000000000000000000000000000000000000000000000000, 1
DEBUG:root:FileName::Lookup successful: 1
DEBUG:root:InodeNumber::InodeNumberToInode: 1
DEBUG:root:Get: 3
DEBUG:root:InodeNumber::InodeNumberToInode: inode_number 1 raw_block_number: 3 slice start: 32 end: 64
DEBUG:root:inode_slice: 00000038000100010000000a0000000000000000000000000000000000000000
DEBUG:root:Get: 9
DEBUG:root:FileOperations::Unlink: tempdirtable: 2e000000000000000000000000000000663300000000000000000000000000010000000000000000000000000000000000000000000000000000000000000000000000000000000000000000000000000000000000000000000000000000000000000000000000000000000000000000000000000000000000000000000000000000000000000000000000000000000000000000000000000000000000000000000000000000000000000000000000000000000000000000000000000000000000000000000000000000000000000000000000000000000000000000000000000000000000000000000000000000000000000000000000000000000000000000
DEBUG:root:FileOperations::Unlink: found a match bytearray(b'f3\x00\x00\x00\x00\x00\x00\x00\x00\x00\x00')
DEBUG:root:FileOperations::Unlink: writing back block_index 0
DEBUG:root:Put: block number 9 len 240
2e0000000000000000000000000000000000000000000000000000000000000000000000000000000000000000000000000000000000000000000000000000000000000000000000000000000000000000000000000000000000000000000000000000000000000000000000000000000000000000000000000000000000000000000000000000000000000000000000000000000000000000000000000000000000000000000000000000000000000000000000000000000000000000000000000000000000000000000000000000000000000000000000000000000000000000000000000000000000000000000000
DEBUG:root:Put: block number 9 len 240
2e0000000000000000000000000000000000000000000000000000000000000000000000000000000000000000000000000000000000000000000000000000000000000000000000000000000000000000000000000000000000000000000000000000000000000000000000000000000000000000000000000000000000000000000000000000000000000000000000000000000000000000000000000000000000000000000000000000000000000000000000000000000000000000000000000000000000000000000000000000000000000000000000000000000000000000000000000000000000000000000000
DEBUG:root:FileOperations::Unlink: updating dir_inode
DEBUG:root:InodeNumber::StoreInode: 0
DEBUG:root:InodeNumber::StoreInode: inode_table_raw_block_number 3
DEBUG:root:Get: 3
DEBUG:root:InodeNumber::StoreInode: inode_table_raw_block:
000000200002000200000009000000000000000000000000000000000000000000000038000100010000000a0000000000000000000000000000000000000000000000000000000000000000000000000000000000000000000000000000000000000000000000000000000000000000000000000000000000000000000000000000000000000000000000000000000000000000000000000000000000000000000000000000000000000000000000000000000000000000000000000000000000000000000000000000000000000000000000000000000000000000000000000000000000000000000000000000000000000000000000000000000000000000
DEBUG:root:InodeNumber::StoreInode: start: 0, end: 32
DEBUG:root:InodeNumber::StoreInode: tempblock:
000000100002000100000009000000000000000000000000000000000000000000000038000100010000000a0000000000000000000000000000000000000000000000000000000000000000000000000000000000000000000000000000000000000000000000000000000000000000000000000000000000000000000000000000000000000000000000000000000000000000000000000000000000000000000000000000000000000000000000000000000000000000000000000000000000000000000000000000000000000000000000000000000000000000000000000000000000000000000000000000000000000000000000000000000000000000
DEBUG:root:Put: block number 3 len 256
000000100002000100000009000000000000000000000000000000000000000000000038000100010000000a0000000000000000000000000000000000000000000000000000000000000000000000000000000000000000000000000000000000000000000000000000000000000000000000000000000000000000000000000000000000000000000000000000000000000000000000000000000000000000000000000000000000000000000000000000000000000000000000000000000000000000000000000000000000000000000000000000000000000000000000000000000000000000000000000000000000000000000000000000000000000000
DEBUG:root:Put: block number 3 len 256
000000100002000100000009000000000000000000000000000000000000000000000038000100010000000a0000000000000000000000000000000000000000000000000000000000000000000000000000000000000000000000000000000000000000000000000000000000000000000000000000000000000000000000000000000000000000000000000000000000000000000000000000000000000000000000000000000000000000000000000000000000000000000000000000000000000000000000000000000000000000000000000000000000000000000000000000000000000000000000000000000000000000000000000000000000000000
DEBUG:root:InodeNumber::StoreInode: 1
DEBUG:root:InodeNumber::StoreInode: inode_table_raw_block_number 3
DEBUG:root:Get: 3
DEBUG:root:InodeNumber::StoreInode: inode_table_raw_block:
000000100002000100000009000000000000000000000000000000000000000000000038000100010000000a0000000000000000000000000000000000000000000000000000000000000000000000000000000000000000000000000000000000000000000000000000000000000000000000000000000000000000000000000000000000000000000000000000000000000000000000000000000000000000000000000000000000000000000000000000000000000000000000000000000000000000000000000000000000000000000000000000000000000000000000000000000000000000000000000000000000000000000000000000000000000000
DEBUG:root:InodeNumber::StoreInode: start: 32, end: 64
DEBUG:root:InodeNumber::StoreInode: tempblock:
000000100002000100000009000000000000000000000000000000000000000000000038000100000000000a0000000000000000000000000000000000000000000000000000000000000000000000000000000000000000000000000000000000000000000000000000000000000000000000000000000000000000000000000000000000000000000000000000000000000000000000000000000000000000000000000000000000000000000000000000000000000000000000000000000000000000000000000000000000000000000000000000000000000000000000000000000000000000000000000000000000000000000000000000000000000000
DEBUG:root:Put: block number 3 len 256
000000100002000100000009000000000000000000000000000000000000000000000038000100000000000a0000000000000000000000000000000000000000000000000000000000000000000000000000000000000000000000000000000000000000000000000000000000000000000000000000000000000000000000000000000000000000000000000000000000000000000000000000000000000000000000000000000000000000000000000000000000000000000000000000000000000000000000000000000000000000000000000000000000000000000000000000000000000000000000000000000000000000000000000000000000000000
DEBUG:root:Put: block number 3 len 256
000000100002000100000009000000000000000000000000000000000000000000000038000100000000000a0000000000000000000000000000000000000000000000000000000000000000000000000000000000000000000000000000000000000000000000000000000000000000000000000000000000000000000000000000000000000000000000000000000000000000000000000000000000000000000000000000000000000000000000000000000000000000000000000000000000000000000000000000000000000000000000000000000000000000000000000000000000000000000000000000000000000000000000000000000000000000
DEBUG:root:FileOperations::Unlink: last reference; freeing data blocks and inode
DEBUG:root:Get: 2
DEBUG:root:Put: block number 2 len 256
00000000000000010101000000000000000000000000000000000000000000000000000000000000000000000000000000000000000000000000000000000000000000000000000000000000000000000000000000000000000000000000000000000000000000000000000000000000000000000000000000000000000000000000000000000000000000000000000000000000000000000000000000000000000000000000000000000000000000000000000000000000000000000000000000000000000000000000000000000000000000000000000000000000000000000000000000000000000000000000000000000000000000000000000000000000
DEBUG:root:Put: block number 2 len 256
00000000000000010101000000000000000000000000000000000000000000000000000000000000000000000000000000000000000000000000000000000000000000000000000000000000000000000000000000000000000000000000000000000000000000000000000000000000000000000000000000000000000000000000000000000000000000000000000000000000000000000000000000000000000000000000000000000000000000000000000000000000000000000000000000000000000000000000000000000000000000000000000000000000000000000000000000000000000000000000000000000000000000000000000000000000
DEBUG:root:InodeNumber::StoreInode: 1
DEBUG:root:InodeNumber::StoreInode: inode_table_raw_block_number 3
DEBUG:root:Get: 3
DEBUG:root:InodeNumber::StoreInode: inode_table_raw_block:
000000100002000100000009000000000000000000000000000000000000000000000038000100000000000a0000000000000000000000000000000000000000000000000000000000000000000000000000000000000000000000000000000000000000000000000000000000000000000000000000000000000000000000000000000000000000000000000000000000000000000000000000000000000000000000000000000000000000000000000000000000000000000000000000000000000000000000000000000000000000000000000000000000000000000000000000000000000000000000000000000000000000000000000000000000000000
DEBUG:root:InodeNumber::StoreInode: start: 32, end: 64
DEBUG:root:InodeNumber::StoreInode: tempblock:
00000010000200010000000900000000000000000000000000000000000000000000000000000000000000000000000000000000000000000000000000000000000000000000000000000000000000000000000000000000000000000000000000000000000000000000000000000000000000000000000000000000000000000000000000000000000000000000000000000000000000000000000000000000000000000000000000000000000000000000000000000000000000000000000000000000000000000000000000000000000000000000000000000000000000000000000000000000000000000000000000000000000000000000000000000000
DEBUG:root:Put: block number 3 len 256
00000010000200010000000900000000000000000000000000000000000000000000000000000000000000000000000000000000000000000000000000000000000000000000000000000000000000000000000000000000000000000000000000000000000000000000000000000000000000000000000000000000000000000000000000000000000000000000000000000000000000000000000000000000000000000000000000000000000000000000000000000000000000000000000000000000000000000000000000000000000000000000000000000000000000000000000000000000000000000000000000000000000000000000000000000000
DEBUG:root:Put: block number 3 len 256
00000010000200010000000900000000000000000000000000000000000000000000000000000000000000000000000000000000000000000000000000000000000000000000000000000000000000000000000000000000000000000000000000000000000000000000000000000000000000000000000000000000000000000000000000000000000000000000000000000000000000000000000000000000000000000000000000000000000000000000000000000000000000000000000000000000000000000000000000000000000000000000000000000000000000000000000000000000000000000000000000000000000000000000000000000000
DEBUG:root:Release
DEBUG:root:Put: block number 255 len 256
00000000000000000000000000000000000000000000000000000000000000000000000000000000000000000000000000000000000000000000000000000000000000000000000000000000000000000000000000000000000000000000000000000000000000000000000000000000000000000000000000000000000000000000000000000000000000000000000000000000000000000000000000000000000000000000000000000000000000000000000000000000000000000000000000000000000000000000000000000000000000000000000000000000000000000000000000000000000000000000000000000000000000000000000000000000
DEBUG:root:Put: block number 255 len 256
00000000000000000000000000000000000000000000000000000000000000000000000000000000000000000000000000000000000000000000000000000000000000000000000000000000000000000000000000000000000000000000000000000000000000000000000000000000000000000000000000000000000000000000000000000000000000000000000000000000000000000000000000000000000000000000000000000000000000000000000000000000000000000000000000000000000000000000000000000000000000000000000000000000000000000000000000000000000000000000000000000000000000000000000000000000
DEBUG:root:Acquire
DEBUG:root:RSM: 255
DEBUG:root:RSM_BLOCK Lock value: bytearray(b'\x00\x00\x00\x00\x00\x00\x00\x00\x00\x00\x00\x00\x00\x00\x00\x00\x00\x00\x00\x00\x00\x00\x00\x00\x00\x00\x00\x00\x00\x00\x00\x00\x00\x00\x00\x00\x00\x00\x00\x00\x00\x00\x00\x00\x00\x00\x00\x00\x00\x00\x00\x00\x00\x00\x00\x00\x00\x00\x00\x00\x00\x00\x00\x00\x00\x00\x00\x00\x00\x00\x00\x00\x00\x00\x00\x00\x00\x00\x00\x00\x00\x00\x00\x00\x00\x00\x00\x00\x00\x00\x00\x00\x00\x00\x00\x00\x00\x00\x00\x00\x00\x00\x00\x00\x00\x00\x00\x00\x00\x00\x00\x00\x00\x00\x00\x00\x00\x00\x00\x00\x00\x00\x00\x00\x00\x00\x00\x00\x00\x00\x00\x00\x00\x00\x00\x00\x00\x00\x00\x00\x00\x00\x00\x00\x00\x00\x00\x00\x00\x00\x00\x00\x00\x00\x00\x00\x00\x00\x00\x00\x00\x00\x00\x00\x00\x00\x00\x00\x00\x00\x00\x00\x00\x00\x00\x00\x00\x00\x00\x00\x00\x00\x00\x00\x00\x00\x00\x00\x00\x00\x00\x00\x00\x00\x00\x00\x00\x00\x00\x00\x00\x00\x00\x00\x00\x00\x00\x00\x00\x00\x00\x00\x00\x00\x00\x00\x00\x00\x00\x00\x00\x00\x00\x00\x00\x00\x00\x00\x00\x00\x00\x00\x00\x00\x00\x00\x00\x00\x00\x00\x00\x00\x00\x00\x00\x00\x00\x00\x00\x00\x00\x00\x00\x00\x00\x00')
DEBUG:root:Get: 254
DEBUG:root:InodeNumber::InodeNumberToInode: 0
DEBUG:root:Get: 3
DEBUG:root:InodeNumber::InodeNumberToInode: inode_number 0 raw_block_number: 3 slice start: 0 end: 32
DEBUG:root:inode_slice: 0000001000020001000000090000000000000000000000000000000000000000
DEBUG:root:Get: 9
DEBUG:root:InodeNumber::InodeNumberToInode: 0
DEBUG:root:Get: 3
DEBUG:root:InodeNumber::InodeNumberToInode: inode_number 0 raw_block_number: 3 slice start: 0 end: 32
DEBUG:root:inode_slice: 0000001000020001000000090000000000000000000000000000000000000000
DEBUG:root:Release
DEBUG:root:Put: block number 255 len 256
00000000000000000000000000000000000000000000000000000000000000000000000000000000000000000000000000000000000000000000000000000000000000000000000000000000000000000000000000000000000000000000000000000000000000000000000000000000000000000000000000000000000000000000000000000000000000000000000000000000000000000000000000000000000000000000000000000000000000000000000000000000000000000000000000000000000000000000000000000000000000000000000000000000000000000000000000000000000000000000000000000000000000000000000000000000
DEBUG:root:Put: block number 255 len 256
00000000000000000000000000000000000000000000000000000000000000000000000000000000000000000000000000000000000000000000000000000000000000000000000000000000000000000000000000000000000000000000000000000000000000000000000000000000000000000000000000000000000000000000000000000000000000000000000000000000000000000000000000000000000000000000000000000000000000000000000000000000000000000000000000000000000000000000000000000000000000000000000000000000000000000000000000000000000000000000000000000000000000000000000000000000
